  shadowCast2d.cpp
D:\CPP\Game Engine\2. Shadow Casting 2D\shadowCast2d\shadowCast2d.cpp(151,1): warning C4267: 'initializing': conversion from 'size_t' to 'int', possible loss of data
D:\CPP\Game Engine\2. Shadow Casting 2D\shadowCast2d\shadowCast2d.cpp(176,1): warning C4267: 'initializing': conversion from 'size_t' to 'int', possible loss of data
D:\CPP\Game Engine\2. Shadow Casting 2D\shadowCast2d\shadowCast2d.cpp(201,1): warning C4267: 'initializing': conversion from 'size_t' to 'int', possible loss of data
D:\CPP\Game Engine\2. Shadow Casting 2D\shadowCast2d\shadowCast2d.cpp(226,1): warning C4267: 'initializing': conversion from 'size_t' to 'int', possible loss of data
D:\CPP\Game Engine\2. Shadow Casting 2D\shadowCast2d\shadowCast2d.cpp(294,18): warning C4244: 'initializing': conversion from 'int32_t' to 'float', possible loss of data
D:\CPP\Game Engine\2. Shadow Casting 2D\shadowCast2d\shadowCast2d.cpp(295,18): warning C4244: 'initializing': conversion from 'int32_t' to 'float', possible loss of data
D:\CPP\Game Engine\2. Shadow Casting 2D\shadowCast2d\shadowCast2d.cpp(313,36): warning C4244: 'argument': conversion from '_Ty2' to 'float', possible loss of data
          with
          [
              _Ty2=int
          ]
D:\CPP\Game Engine\2. Shadow Casting 2D\shadowCast2d\shadowCast2d.cpp(313,21): warning C4244: 'argument': conversion from '_Ty1' to 'float', possible loss of data
          with
          [
              _Ty1=int
          ]
D:\CPP\Game Engine\2. Shadow Casting 2D\shadowCast2d\shadowCast2d.cpp(331,1): warning C4267: 'initializing': conversion from 'size_t' to 'int', possible loss of data
D:\CPP\Game Engine\2. Shadow Casting 2D\shadowCast2d\shadowCast2d.cpp(337,1): warning C4267: 'initializing': conversion from 'size_t' to 'int', possible loss of data
D:\CPP\Game Engine\2. Shadow Casting 2D\shadowCast2d\shadowCast2d.cpp(340,84): warning C4244: 'argument': conversion from 'double' to 'uint32_t', possible loss of data
D:\CPP\Game Engine\2. Shadow Casting 2D\shadowCast2d\shadowCast2d.cpp(351,40): warning C4244: 'argument': conversion from 'float' to 'int32_t', possible loss of data
D:\CPP\Game Engine\2. Shadow Casting 2D\shadowCast2d\shadowCast2d.cpp(351,24): warning C4244: 'argument': conversion from 'float' to 'int32_t', possible loss of data
D:\CPP\Game Engine\2. Shadow Casting 2D\shadowCast2d\shadowCast2d.cpp(359,27): warning C4244: 'argument': conversion from 'float' to 'int32_t', possible loss of data
D:\CPP\Game Engine\2. Shadow Casting 2D\shadowCast2d\shadowCast2d.cpp(359,18): warning C4244: 'argument': conversion from 'float' to 'int32_t', possible loss of data
D:\CPP\Game Engine\2. Shadow Casting 2D\shadowCast2d\shadowCast2d.cpp(363,27): warning C4244: 'argument': conversion from 'float' to 'int32_t', possible loss of data
D:\CPP\Game Engine\2. Shadow Casting 2D\shadowCast2d\shadowCast2d.cpp(363,17): warning C4244: 'argument': conversion from 'float' to 'int32_t', possible loss of data
C:\Program Files (x86)\Microsoft Visual Studio\2019\Community\VC\Tools\MSVC\14.27.29110\include\tuple(163,47): warning C4244: 'initializing': conversion from '_Ty' to '_Ty', possible loss of data
          with
          [
              _Ty=float
          ]
          and
          [
              _Ty=int
          ]
C:\Program Files (x86)\Microsoft Visual Studio\2019\Community\VC\Tools\MSVC\14.27.29110\include\tuple(244): message : see reference to function template instantiation 'std::_Tuple_val<_This>::_Tuple_val<_Ty>(_Other &&)' being compiled
          with
          [
              _This=int,
              _Ty=float,
              _Other=float
          ]
C:\Program Files (x86)\Microsoft Visual Studio\2019\Community\VC\Tools\MSVC\14.27.29110\include\tuple(244): message : see reference to function template instantiation 'std::_Tuple_val<_This>::_Tuple_val<_Ty>(_Other &&)' being compiled
          with
          [
              _This=int,
              _Ty=float,
              _Other=float
          ]
C:\Program Files (x86)\Microsoft Visual Studio\2019\Community\VC\Tools\MSVC\14.27.29110\include\tuple(325): message : see reference to function template instantiation 'std::tuple<int,int,float>::tuple<std::_Exact_args_t,_Ty,_Ty,float&,0>(_Tag,_This2 &&,_Ty &&,float &)' being compiled
          with
          [
              _Ty=float,
              _Tag=std::_Exact_args_t,
              _This2=float
          ]
C:\Program Files (x86)\Microsoft Visual Studio\2019\Community\VC\Tools\MSVC\14.27.29110\include\tuple(325): message : see reference to function template instantiation 'std::tuple<int,int,float>::tuple<std::_Exact_args_t,_Ty,_Ty,float&,0>(_Tag,_This2 &&,_Ty &&,float &)' being compiled
          with
          [
              _Ty=float,
              _Tag=std::_Exact_args_t,
              _This2=float
          ]
D:\CPP\Game Engine\2. Shadow Casting 2D\shadowCast2d\shadowCast2d.cpp(98): message : see reference to function template instantiation 'std::tuple<int,int,float>::tuple<float,float,float&,0>(_This2 &&,float &&,float &) noexcept' being compiled
          with
          [
              _This2=float
          ]
D:\CPP\Game Engine\2. Shadow Casting 2D\shadowCast2d\shadowCast2d.cpp(98): message : see reference to function template instantiation 'std::tuple<int,int,float>::tuple<float,float,float&,0>(_This2 &&,float &&,float &) noexcept' being compiled
          with
          [
              _This2=float
          ]
  Generating code
  1 of 1504 functions (<0.1%) were compiled, the rest were copied from previous compilation.
    0 functions were new in current compilation
    1 functions had inline decision re-evaluated but remain unchanged
  Finished generating code
  shadowCast2d.vcxproj -> D:\CPP\Game Engine\2. Shadow Casting 2D\shadowCast2d\x64\Release\shadowCast2d.exe
